2024-09-06T10:46:42.009Z - vishal added 12 of product basa fish (Barcode: 701) to inventory at establishment
2024-09-08T05:45:44.819Z - vishal added 12 of product basa fish (Barcode: 701) to inventory at establishment
2024-09-08T05:45:57.349Z - vishal added 12 of product basa fish (Barcode: 701) to inventory at establishment
2024-09-08T05:48:35.778Z - Aman added 12 of product basa fish (Barcode: 701) to inventory at establishment
2024-09-08T05:48:52.598Z - Aman added 12 of product basa fish (Barcode: 701) to inventory at establishment
2024-09-08T05:52:45.242Z - Aman added 12 of product basa fish (Barcode: 701) to inventory at establishment
2024-09-08T06:59:49.103Z - Aman added 12 of product basa fish (Barcode: 701) to inventory at establishment
2024-09-08T07:02:39.844Z - Aman added 12 of product basa fish (Barcode: 701) to inventory at establishment
2024-09-08T07:25:12.027Z - Aman added 12 of product basa fish (Barcode: 701) to inventory at establishment
2024-09-08T07:42:13.807Z - vishal added 12 of product basa fish (Barcode: 703) to inventory at establishment
2024-09-08T11:35:35.278Z - vishal added 12 of product basa fish (Barcode: 703) to inventory at establishment
2024-09-08T11:35:57.100Z - vishal added 12 of product basa fish (Barcode: 703) to inventory at establishment
2024-09-08T11:36:40.497Z - vishal added 12 of product basa fish (Barcode: 703) to inventory at establishment
2024-09-08T11:37:22.098Z - vishal added 12 of product basa fish (Barcode: 703) to inventory at establishment
2024-09-08T11:38:31.523Z - vishal added 12 of product Master Butcher Achari Chicken Legs (Barcode: 801) to inventory at establishment
2024-09-08T11:40:17.367Z - vishal added 12 of product Master Butcher Achari Chicken Legs (Barcode: 801) to inventory at establishment
2024-09-08T11:41:56.238Z - vishal added 12 of product Master Butcher Achari Chicken Legs (Barcode: 801) to inventory at establishment
2024-09-08T11:41:57.944Z - vishal added 12 of product Master Butcher Achari Chicken Legs (Barcode: 801) to inventory at establishment
2024-09-08T11:46:46.377Z - vishal added 12 of product Master Butcher Achari Chicken Legs (Barcode: 801) to inventory at establishment
2024-09-08T11:46:47.841Z - vishal added 12 of product Master Butcher Achari Chicken Legs (Barcode: 801) to inventory at establishment
2024-09-08T11:46:48.979Z - vishal added 12 of product Master Butcher Achari Chicken Legs (Barcode: 801) to inventory at establishment
2024-09-08T11:47:17.471Z - vishal aggarwal added 12 of product Fresh Goat Curry Halal (Barcode: 905) to inventory at establishment
2024-09-08T11:47:20.466Z - vishal aggarwal added 12 of product Fresh Goat Curry Halal (Barcode: 905) to inventory at establishment
2024-09-08T11:47:31.649Z - vishal lnmiit added 12 of product Fresh Butter Chicken Halal (Barcode: 906) to inventory at establishment
2024-09-08T13:21:40.493Z - vishal lnmiit added 12 of product Fresh Butter Chicken Halal (Barcode: 906) to inventory at establishment
2024-09-08T13:22:27.058Z - vishal lnmiit added 12 of product Fresh Butter Chicken Halal (Barcode: 906) to inventory at establishment
2024-09-08T16:01:47.016Z - vishal lnmiit added 12 of product Fresh Butter Chicken Halal (Barcode: 906) to inventory at establishment
2024-09-08T16:04:50.617Z - vishal lnmiit added 12 of product Fresh Butter Chicken Halal (Barcode: 906) to inventory at establishment
2024-09-08T16:05:48.909Z - vishal lnmiit added 12 of product Fresh Butter Chicken Halal (Barcode: 906) to inventory at establishment
2024-09-08T16:06:30.974Z - vishal  added 12 of product Fresh Butter Chicken Halal (Barcode: 906) to inventory at establishment
2024-09-08T16:06:37.082Z - vishal  added 12 of product Fresh Butter Chicken Halal (Barcode: 906) to inventory at establishment
2024-09-08T16:19:18.280Z - vishal  added 12 of product Fresh Butter Chicken Halal (Barcode: 906) to inventory at establishment
2024-09-08T16:21:12.149Z - vishal  added 12 of product Fresh Butter Chicken Halal (Barcode: 906) to inventory at establishment
2024-09-08T16:30:50.553Z - vishal  added 12 of product Fresh Butter Chicken Halal (Barcode: 906) to inventory at establishment
2024-09-08T16:30:52.328Z - vishal  added 12 of product Fresh Butter Chicken Halal (Barcode: 906) to inventory at establishment
2024-09-08T16:33:51.794Z - vishal  added 12 of product Fresh Butter Chicken Halal (Barcode: 906) to inventory at establishment
2024-09-08T16:33:53.265Z - vishal  added 12 of product Fresh Butter Chicken Halal (Barcode: 906) to inventory at establishment
2024-09-08T16:53:49.229Z - vishal  added 12 of product Fresh Butter Chicken Halal (Barcode: 906) to inventory at establishment
2024-09-08T16:53:51.327Z - vishal  added 12 of product Fresh Butter Chicken Halal (Barcode: 906) to inventory at establishment
2024-09-08T16:54:00.370Z - vishal  added 12 of product Fresh Butter Chicken Halal (Barcode: 906) to inventory at establishment
